<?xml version="1.0" encoding="UTF-8"?>
<testsuite name="com.example.projet_meteo.ProjetMeteoApplicationTests" tests="1" skipped="0" failures="0" errors="0" timestamp="2023-12-12T14:09:23" hostname="MacBook-Pro-de-Elie.local" time="0.649">
  <properties/>
  <testcase name="contextLoads()" classname="com.example.projet_meteo.ProjetMeteoApplicationTests" time="0.649"/>
  <system-out><![CDATA[15:09:20.816 [Test worker] INFO org.springframework.test.context.support.AnnotationConfigContextLoaderUtils -- Could not detect default configuration classes for test class [com.example.projet_meteo.ProjetMeteoApplicationTests]: ProjetMeteoApplicationTests does not declare any static, non-private, non-final, nested classes annotated with @Configuration.
15:09:20.906 [Test worker] INFO org.springframework.boot.test.context.SpringBootTestContextBootstrapper -- Found @SpringBootConfiguration com.example.projet_meteo.ProjetMeteoApplication for test class com.example.projet_meteo.ProjetMeteoApplicationTests

  .   ____          _            __ _ _
 /\\ / ___'_ __ _ _(_)_ __  __ _ \ \ \ \
( ( )\___ | '_ | '_| | '_ \/ _` | \ \ \ \
 \\/  ___)| |_)| | | | | || (_| |  ) ) ) )
  '  |____| .__|_| |_|_| |_\__, | / / / /
 =========|_|==============|___/=/_/_/_/
 :: Spring Boot ::                (v3.2.0)

2023-12-12T15:09:21.220+01:00  INFO 6674 --- [    Test worker] c.e.p.ProjetMeteoApplicationTests        : Starting ProjetMeteoApplicationTests using Java 19 with PID 6674 (started by elie in /Users/elie/IdeaProjects/projetweb/projet_meteo)
2023-12-12T15:09:21.222+01:00  INFO 6674 --- [    Test worker] c.e.p.ProjetMeteoApplicationTests        : No active profile set, falling back to 1 default profile: "default"
2023-12-12T15:09:21.849+01:00  INFO 6674 --- [    Test worker] .s.d.r.c.RepositoryConfigurationDelegate : Bootstrapping Spring Data JPA repositories in DEFAULT mode.
2023-12-12T15:09:21.865+01:00  INFO 6674 --- [    Test worker] .s.d.r.c.RepositoryConfigurationDelegate : Finished Spring Data repository scanning in 8 ms. Found 0 JPA repository interfaces.
2023-12-12T15:09:22.284+01:00  INFO 6674 --- [    Test worker] com.zaxxer.hikari.HikariDataSource       : HikariPool-1 - Starting...
2023-12-12T15:09:22.482+01:00  INFO 6674 --- [    Test worker] com.zaxxer.hikari.pool.HikariPool        : HikariPool-1 - Added connection conn0: url=jdbc:h2:mem:7ddea88c-0e2e-452d-a990-fe7e5752f2d9 user=SA
2023-12-12T15:09:22.485+01:00  INFO 6674 --- [    Test worker] com.zaxxer.hikari.HikariDataSource       : HikariPool-1 - Start completed.
2023-12-12T15:09:22.538+01:00  INFO 6674 --- [    Test worker] o.hibernate.jpa.internal.util.LogHelper  : HHH000204: Processing PersistenceUnitInfo [name: default]
2023-12-12T15:09:22.593+01:00  INFO 6674 --- [    Test worker] org.hibernate.Version                    : HHH000412: Hibernate ORM core version 6.3.1.Final
2023-12-12T15:09:22.629+01:00  INFO 6674 --- [    Test worker] o.h.c.internal.RegionFactoryInitiator    : HHH000026: Second-level cache disabled
2023-12-12T15:09:22.837+01:00  INFO 6674 --- [    Test worker] o.s.o.j.p.SpringPersistenceUnitInfo      : No LoadTimeWeaver setup: ignoring JPA class transformer
2023-12-12T15:09:23.100+01:00  INFO 6674 --- [    Test worker] o.h.e.t.j.p.i.JtaPlatformInitiator       : HHH000489: No JTA platform available (set 'hibernate.transaction.jta.platform' to enable JTA platform integration)
2023-12-12T15:09:23.105+01:00  INFO 6674 --- [    Test worker] j.LocalContainerEntityManagerFactoryBean : Initialized JPA EntityManagerFactory for persistence unit 'default'
2023-12-12T15:09:23.238+01:00  WARN 6674 --- [    Test worker] JpaBaseConfiguration$JpaWebConfiguration : spring.jpa.open-in-view is enabled by default. Therefore, database queries may be performed during view rendering. Explicitly configure spring.jpa.open-in-view to disable this warning
2023-12-12T15:09:23.506+01:00  WARN 6674 --- [    Test worker] ion$DefaultTemplateResolverConfiguration : Cannot find template location: classpath:/templates/ (please add some templates, check your Thymeleaf configuration, or set spring.thymeleaf.check-template-location=false)
2023-12-12T15:09:23.630+01:00  INFO 6674 --- [    Test worker] c.e.p.ProjetMeteoApplicationTests        : Started ProjetMeteoApplicationTests in 2.601 seconds (process running for 3.608)
]]></system-out>
  <system-err><![CDATA[]]></system-err>
</testsuite>
